<?xml version="1.0" encoding="UTF-8"?>
<TestRun id="e9a3fc92-bb75-4d2e-978f-6139cf965162" name="Admin@10266A-GEN-DEV 2022-07-27 23:12:13" runUser="10266A-GEN-DEV\Admin" xmlns="http://microsoft.com/schemas/VisualStudio/TeamTest/2010">
  <TestSettings name="Local" id="d091077b-0f37-40bc-9f73-bce729aa63a3">
    <Description>These are default test settings for a local test run.</Description>
    <Deployment enabled="false" runDeploymentRoot="Admin_10266A-GEN-DEV 2022-07-27 23_12_13">
      <DeploymentItem filename="E:\Labfiles\Lab 3\Ex3\Starter\GreatestCommonDivisor\bin\Debug\Module3.exe" />
    </Deployment>
    <Execution>
      <TestTypeSpecific />
      <AgentRule name="Execution Agents">
      </AgentRule>
    </Execution>
  </TestSettings>
  <Times creation="2022-07-27T23:12:13.5224453-07:00" queuing="2022-07-27T23:12:13.5273282-07:00" start="2022-07-27T23:12:13.5380703-07:00" finish="2022-07-27T23:12:14.4970547-07:00" />
  <ResultSummary outcome="Completed">
    <Counters total="5" executed="5" passed="5" error="0" failed="0" timeout="0" aborted="0" inconclusive="0" passedButRunAborted="0" notRunnable="0" notExecuted="0" disconnected="0" warning="0" completed="0" inProgress="0" pending="0" />
  </ResultSummary>
  <TestDefinitions>
    <UnitTest name="FindGCDEuclidTest1" storage="e:\labfiles\lab 3\ex3\starter\gcd unit test project\bin\debug\module 3 unit test project.dll" id="8fa04de3-221d-3642-9b49-abd83bc22dcf">
      <Execution id="feb6254e-d983-47d6-8e8a-3edcc8b840d4" />
      <TestMethod codeBase="E:/Labfiles/Lab 3/Ex3/Starter/GCD Unit Test Project/bin/Debug/Module 3 Unit Test Project.DLL" adapterTypeName="Microsoft.VisualStudio.TestTools.TestTypes.Unit.UnitTestAdapter, Microsoft.VisualStudio.QualityTools.Tips.UnitTest.Adapter, Version=10.0.0.0, Culture=neutral, PublicKeyToken=b03f5f7f11d50a3a" className="GCDTestProject.GCDAlgorithmsTest, Module 3 Unit Test Project, Version=1.0.0.0, Culture=neutral, PublicKeyToken=null" name="FindGCDEuclidTest1" />
    </UnitTest>
    <UnitTest name="FindGCDEuclidTest2" storage="e:\labfiles\lab 3\ex3\starter\gcd unit test project\bin\debug\module 3 unit test project.dll" id="fb8cd5d0-90b5-8a12-151d-a71358066518">
      <Execution id="6a01e637-ffa0-416f-87b5-a006deb0a001" />
      <TestMethod codeBase="E:/Labfiles/Lab 3/Ex3/Starter/GCD Unit Test Project/bin/Debug/Module 3 Unit Test Project.DLL" adapterTypeName="Microsoft.VisualStudio.TestTools.TestTypes.Unit.UnitTestAdapter, Microsoft.VisualStudio.QualityTools.Tips.UnitTest.Adapter, Version=10.0.0.0, Culture=neutral, PublicKeyToken=b03f5f7f11d50a3a" className="GCDTestProject.GCDAlgorithmsTest, Module 3 Unit Test Project, Version=1.0.0.0, Culture=neutral, PublicKeyToken=null" name="FindGCDEuclidTest2" />
    </UnitTest>
    <UnitTest name="FindGCDSteinTest" storage="e:\labfiles\lab 3\ex3\starter\gcd unit test project\bin\debug\module 3 unit test project.dll" id="599fa1f1-cbc3-6617-85db-d37f7e7b8ecc">
      <Execution id="1822dc22-8cfa-4828-9233-9757a56e4f68" />
      <TestMethod codeBase="E:/Labfiles/Lab 3/Ex3/Starter/GCD Unit Test Project/bin/Debug/Module 3 Unit Test Project.DLL" adapterTypeName="Microsoft.VisualStudio.TestTools.TestTypes.Unit.UnitTestAdapter, Microsoft.VisualStudio.QualityTools.Tips.UnitTest.Adapter, Version=10.0.0.0, Culture=neutral, PublicKeyToken=b03f5f7f11d50a3a" className="GCDTestProject.GCDAlgorithmsTest, Module 3 Unit Test Project, Version=1.0.0.0, Culture=neutral, PublicKeyToken=null" name="FindGCDSteinTest" />
    </UnitTest>
    <UnitTest name="FindGCDEuclidTest3" storage="e:\labfiles\lab 3\ex3\starter\gcd unit test project\bin\debug\module 3 unit test project.dll" id="ddb8af28-2805-6bf1-7099-771bee106e77">
      <Execution id="15c06840-6093-4b0e-a393-ef3746fb8a56" />
      <TestMethod codeBase="E:/Labfiles/Lab 3/Ex3/Starter/GCD Unit Test Project/bin/Debug/Module 3 Unit Test Project.DLL" adapterTypeName="Microsoft.VisualStudio.TestTools.TestTypes.Unit.UnitTestAdapter, Microsoft.VisualStudio.QualityTools.Tips.UnitTest.Adapter, Version=10.0.0.0, Culture=neutral, PublicKeyToken=b03f5f7f11d50a3a" className="GCDTestProject.GCDAlgorithmsTest, Module 3 Unit Test Project, Version=1.0.0.0, Culture=neutral, PublicKeyToken=null" name="FindGCDEuclidTest3" />
    </UnitTest>
    <UnitTest name="FindGCDEuclidTest" storage="e:\labfiles\lab 3\ex3\starter\gcd unit test project\bin\debug\module 3 unit test project.dll" id="d9247c9a-b1f3-a576-5561-acd3205674b6">
      <Execution id="45060b33-e418-4818-ae5e-458a6b33bada" />
      <TestMethod codeBase="E:/Labfiles/Lab 3/Ex3/Starter/GCD Unit Test Project/bin/Debug/Module 3 Unit Test Project.DLL" adapterTypeName="Microsoft.VisualStudio.TestTools.TestTypes.Unit.UnitTestAdapter, Microsoft.VisualStudio.QualityTools.Tips.UnitTest.Adapter, Version=10.0.0.0, Culture=neutral, PublicKeyToken=b03f5f7f11d50a3a" className="GCDTestProject.GCDAlgorithmsTest, Module 3 Unit Test Project, Version=1.0.0.0, Culture=neutral, PublicKeyToken=null" name="FindGCDEuclidTest" />
    </UnitTest>
  </TestDefinitions>
  <TestLists>
    <TestList name="Results Not in a List" id="8c84fa94-04c1-424b-9868-57a2d4851a1d" />
    <TestList name="All Loaded Results" id="19431567-8539-422a-85d7-44ee4e166bda" />
  </TestLists>
  <TestEntries>
    <TestEntry testId="599fa1f1-cbc3-6617-85db-d37f7e7b8ecc" executionId="1822dc22-8cfa-4828-9233-9757a56e4f68" testListId="8c84fa94-04c1-424b-9868-57a2d4851a1d" />
    <TestEntry testId="ddb8af28-2805-6bf1-7099-771bee106e77" executionId="15c06840-6093-4b0e-a393-ef3746fb8a56" testListId="8c84fa94-04c1-424b-9868-57a2d4851a1d" />
    <TestEntry testId="fb8cd5d0-90b5-8a12-151d-a71358066518" executionId="6a01e637-ffa0-416f-87b5-a006deb0a001" testListId="8c84fa94-04c1-424b-9868-57a2d4851a1d" />
    <TestEntry testId="8fa04de3-221d-3642-9b49-abd83bc22dcf" executionId="feb6254e-d983-47d6-8e8a-3edcc8b840d4" testListId="8c84fa94-04c1-424b-9868-57a2d4851a1d" />
    <TestEntry testId="d9247c9a-b1f3-a576-5561-acd3205674b6" executionId="45060b33-e418-4818-ae5e-458a6b33bada" testListId="8c84fa94-04c1-424b-9868-57a2d4851a1d" />
  </TestEntries>
  <Results>
    <UnitTestResult executionId="1822dc22-8cfa-4828-9233-9757a56e4f68" testId="599fa1f1-cbc3-6617-85db-d37f7e7b8ecc" testName="FindGCDSteinTest" computerName="10266A-GEN-DEV" duration="00:00:00.0080537" startTime="2022-07-27T23:12:13.5439297-07:00" endTime="2022-07-27T23:12:13.6357266-07:00" testType="13cdc9d9-ddb5-4fa4-a97d-d965ccfc6d4b" outcome="Passed" testListId="8c84fa94-04c1-424b-9868-57a2d4851a1d" relativeResultsDirectory="1822dc22-8cfa-4828-9233-9757a56e4f68">
    </UnitTestResult>
    <UnitTestResult executionId="15c06840-6093-4b0e-a393-ef3746fb8a56" testId="ddb8af28-2805-6bf1-7099-771bee106e77" testName="FindGCDEuclidTest3" computerName="10266A-GEN-DEV" duration="00:00:00.8313952" startTime="2022-07-27T23:12:13.6367032-07:00" endTime="2022-07-27T23:12:14.4697110-07:00" testType="13cdc9d9-ddb5-4fa4-a97d-d965ccfc6d4b" outcome="Passed" testListId="8c84fa94-04c1-424b-9868-57a2d4851a1d" relativeResultsDirectory="15c06840-6093-4b0e-a393-ef3746fb8a56">
    </UnitTestResult>
    <UnitTestResult executionId="6a01e637-ffa0-416f-87b5-a006deb0a001" testId="fb8cd5d0-90b5-8a12-151d-a71358066518" testName="FindGCDEuclidTest2" computerName="10266A-GEN-DEV" duration="00:00:00.0001594" startTime="2022-07-27T23:12:14.4736172-07:00" endTime="2022-07-27T23:12:14.4755703-07:00" testType="13cdc9d9-ddb5-4fa4-a97d-d965ccfc6d4b" outcome="Passed" testListId="8c84fa94-04c1-424b-9868-57a2d4851a1d" relativeResultsDirectory="6a01e637-ffa0-416f-87b5-a006deb0a001">
    </UnitTestResult>
    <UnitTestResult executionId="feb6254e-d983-47d6-8e8a-3edcc8b840d4" testId="8fa04de3-221d-3642-9b49-abd83bc22dcf" testName="FindGCDEuclidTest1" computerName="10266A-GEN-DEV" duration="00:00:00.0000812" startTime="2022-07-27T23:12:14.4755703-07:00" endTime="2022-07-27T23:12:14.4775235-07:00" testType="13cdc9d9-ddb5-4fa4-a97d-d965ccfc6d4b" outcome="Passed" testListId="8c84fa94-04c1-424b-9868-57a2d4851a1d" relativeResultsDirectory="feb6254e-d983-47d6-8e8a-3edcc8b840d4">
    </UnitTestResult>
    <UnitTestResult executionId="45060b33-e418-4818-ae5e-458a6b33bada" testId="d9247c9a-b1f3-a576-5561-acd3205674b6" testName="FindGCDEuclidTest" computerName="10266A-GEN-DEV" duration="00:00:00.0023393" startTime="2022-07-27T23:12:14.4785000-07:00" endTime="2022-07-27T23:12:14.4863125-07:00" testType="13cdc9d9-ddb5-4fa4-a97d-d965ccfc6d4b" outcome="Passed" testListId="8c84fa94-04c1-424b-9868-57a2d4851a1d" relativeResultsDirectory="45060b33-e418-4818-ae5e-458a6b33bada">
    </UnitTestResult>
  </Results>
</TestRun>