<?xml version="1.0" encoding="UTF-8"?>
<TestRun id="1ad28388-4bfc-4424-8596-3e946bc22faa" name="Admin@10266A-GEN-DEV 2022-07-27 04:39:32" runUser="10266A-GEN-DEV\Admin" xmlns="http://microsoft.com/schemas/VisualStudio/TeamTest/2010">
  <TestSettings name="Local" id="d091077b-0f37-40bc-9f73-bce729aa63a3">
    <Description>These are default test settings for a local test run.</Description>
    <Deployment enabled="false" runDeploymentRoot="Admin_10266A-GEN-DEV 2022-07-27 04_39_32">
      <DeploymentItem filename="E:\Labfiles\Lab 3\Ex3\Starter\GreatestCommonDivisor\bin\Debug\Module3.exe" />
    </Deployment>
    <Execution>
      <TestTypeSpecific />
      <AgentRule name="Execution Agents">
      </AgentRule>
    </Execution>
  </TestSettings>
  <Times creation="2022-07-27T04:39:32.0742032-07:00" queuing="2022-07-27T04:39:32.0937344-07:00" start="2022-07-27T04:39:32.1044766-07:00" finish="2022-07-27T04:39:33.0566250-07:00" />
  <ResultSummary outcome="Completed">
    <Counters total="4" executed="4" passed="4" error="0" failed="0" timeout="0" aborted="0" inconclusive="0" passedButRunAborted="0" notRunnable="0" notExecuted="0" disconnected="0" warning="0" completed="0" inProgress="0" pending="0" />
  </ResultSummary>
  <TestDefinitions>
    <UnitTest name="FindGCDEuclidTest1" storage="e:\labfiles\lab 3\ex3\starter\gcd unit test project\bin\debug\module 3 unit test project.dll" id="8fa04de3-221d-3642-9b49-abd83bc22dcf">
      <Execution id="e8f26a7b-4c9b-40a8-b1a3-972ca4717e23" />
      <TestMethod codeBase="E:/Labfiles/Lab 3/Ex3/Starter/GCD Unit Test Project/bin/Debug/Module 3 Unit Test Project.DLL" adapterTypeName="Microsoft.VisualStudio.TestTools.TestTypes.Unit.UnitTestAdapter, Microsoft.VisualStudio.QualityTools.Tips.UnitTest.Adapter, Version=10.0.0.0, Culture=neutral, PublicKeyToken=b03f5f7f11d50a3a" className="GCDTestProject.GCDAlgorithmsTest, Module 3 Unit Test Project, Version=1.0.0.0, Culture=neutral, PublicKeyToken=null" name="FindGCDEuclidTest1" />
    </UnitTest>
    <UnitTest name="FindGCDEuclidTest2" storage="e:\labfiles\lab 3\ex3\starter\gcd unit test project\bin\debug\module 3 unit test project.dll" id="fb8cd5d0-90b5-8a12-151d-a71358066518">
      <Execution id="0c07762f-544d-4d63-8d07-2f6b3cc9a297" />
      <TestMethod codeBase="E:/Labfiles/Lab 3/Ex3/Starter/GCD Unit Test Project/bin/Debug/Module 3 Unit Test Project.DLL" adapterTypeName="Microsoft.VisualStudio.TestTools.TestTypes.Unit.UnitTestAdapter, Microsoft.VisualStudio.QualityTools.Tips.UnitTest.Adapter, Version=10.0.0.0, Culture=neutral, PublicKeyToken=b03f5f7f11d50a3a" className="GCDTestProject.GCDAlgorithmsTest, Module 3 Unit Test Project, Version=1.0.0.0, Culture=neutral, PublicKeyToken=null" name="FindGCDEuclidTest2" />
    </UnitTest>
    <UnitTest name="FindGCDEuclidTest3" storage="e:\labfiles\lab 3\ex3\starter\gcd unit test project\bin\debug\module 3 unit test project.dll" id="ddb8af28-2805-6bf1-7099-771bee106e77">
      <Execution id="796c6962-a679-437d-9242-7a247ac559b9" />
      <TestMethod codeBase="E:/Labfiles/Lab 3/Ex3/Starter/GCD Unit Test Project/bin/Debug/Module 3 Unit Test Project.DLL" adapterTypeName="Microsoft.VisualStudio.TestTools.TestTypes.Unit.UnitTestAdapter, Microsoft.VisualStudio.QualityTools.Tips.UnitTest.Adapter, Version=10.0.0.0, Culture=neutral, PublicKeyToken=b03f5f7f11d50a3a" className="GCDTestProject.GCDAlgorithmsTest, Module 3 Unit Test Project, Version=1.0.0.0, Culture=neutral, PublicKeyToken=null" name="FindGCDEuclidTest3" />
    </UnitTest>
    <UnitTest name="FindGCDEuclidTest" storage="e:\labfiles\lab 3\ex3\starter\gcd unit test project\bin\debug\module 3 unit test project.dll" id="d9247c9a-b1f3-a576-5561-acd3205674b6">
      <Execution id="84cffc96-a404-4783-8e67-632ae77216f1" />
      <TestMethod codeBase="E:/Labfiles/Lab 3/Ex3/Starter/GCD Unit Test Project/bin/Debug/Module 3 Unit Test Project.DLL" adapterTypeName="Microsoft.VisualStudio.TestTools.TestTypes.Unit.UnitTestAdapter, Microsoft.VisualStudio.QualityTools.Tips.UnitTest.Adapter, Version=10.0.0.0, Culture=neutral, PublicKeyToken=b03f5f7f11d50a3a" className="GCDTestProject.GCDAlgorithmsTest, Module 3 Unit Test Project, Version=1.0.0.0, Culture=neutral, PublicKeyToken=null" name="FindGCDEuclidTest" />
    </UnitTest>
  </TestDefinitions>
  <TestLists>
    <TestList name="Results Not in a List" id="8c84fa94-04c1-424b-9868-57a2d4851a1d" />
    <TestList name="All Loaded Results" id="19431567-8539-422a-85d7-44ee4e166bda" />
  </TestLists>
  <TestEntries>
    <TestEntry testId="ddb8af28-2805-6bf1-7099-771bee106e77" executionId="796c6962-a679-437d-9242-7a247ac559b9" testListId="8c84fa94-04c1-424b-9868-57a2d4851a1d" />
    <TestEntry testId="fb8cd5d0-90b5-8a12-151d-a71358066518" executionId="0c07762f-544d-4d63-8d07-2f6b3cc9a297" testListId="8c84fa94-04c1-424b-9868-57a2d4851a1d" />
    <TestEntry testId="8fa04de3-221d-3642-9b49-abd83bc22dcf" executionId="e8f26a7b-4c9b-40a8-b1a3-972ca4717e23" testListId="8c84fa94-04c1-424b-9868-57a2d4851a1d" />
    <TestEntry testId="d9247c9a-b1f3-a576-5561-acd3205674b6" executionId="84cffc96-a404-4783-8e67-632ae77216f1" testListId="8c84fa94-04c1-424b-9868-57a2d4851a1d" />
  </TestEntries>
  <Results>
    <UnitTestResult executionId="796c6962-a679-437d-9242-7a247ac559b9" testId="ddb8af28-2805-6bf1-7099-771bee106e77" testName="FindGCDEuclidTest3" computerName="10266A-GEN-DEV" duration="00:00:00.8487934" startTime="2022-07-27T04:39:32.1103360-07:00" endTime="2022-07-27T04:39:33.0390469-07:00" testType="13cdc9d9-ddb5-4fa4-a97d-d965ccfc6d4b" outcome="Passed" testListId="8c84fa94-04c1-424b-9868-57a2d4851a1d" relativeResultsDirectory="796c6962-a679-437d-9242-7a247ac559b9">
    </UnitTestResult>
    <UnitTestResult executionId="0c07762f-544d-4d63-8d07-2f6b3cc9a297" testId="fb8cd5d0-90b5-8a12-151d-a71358066518" testName="FindGCDEuclidTest2" computerName="10266A-GEN-DEV" duration="00:00:00.0001433" startTime="2022-07-27T04:39:33.0390469-07:00" endTime="2022-07-27T04:39:33.0410000-07:00" testType="13cdc9d9-ddb5-4fa4-a97d-d965ccfc6d4b" outcome="Passed" testListId="8c84fa94-04c1-424b-9868-57a2d4851a1d" relativeResultsDirectory="0c07762f-544d-4d63-8d07-2f6b3cc9a297">
    </UnitTestResult>
    <UnitTestResult executionId="e8f26a7b-4c9b-40a8-b1a3-972ca4717e23" testId="8fa04de3-221d-3642-9b49-abd83bc22dcf" testName="FindGCDEuclidTest1" computerName="10266A-GEN-DEV" duration="00:00:00.0000794" startTime="2022-07-27T04:39:33.0419766-07:00" endTime="2022-07-27T04:39:33.0439297-07:00" testType="13cdc9d9-ddb5-4fa4-a97d-d965ccfc6d4b" outcome="Passed" testListId="8c84fa94-04c1-424b-9868-57a2d4851a1d" relativeResultsDirectory="e8f26a7b-4c9b-40a8-b1a3-972ca4717e23">
    </UnitTestResult>
    <UnitTestResult executionId="84cffc96-a404-4783-8e67-632ae77216f1" testId="d9247c9a-b1f3-a576-5561-acd3205674b6" testName="FindGCDEuclidTest" computerName="10266A-GEN-DEV" duration="00:00:00.0000767" startTime="2022-07-27T04:39:33.0449063-07:00" endTime="2022-07-27T04:39:33.0458828-07:00" testType="13cdc9d9-ddb5-4fa4-a97d-d965ccfc6d4b" outcome="Passed" testListId="8c84fa94-04c1-424b-9868-57a2d4851a1d" relativeResultsDirectory="84cffc96-a404-4783-8e67-632ae77216f1">
    </UnitTestResult>
  </Results>
</TestRun>