<?xml version="1.0" encoding="UTF-8"?>
<TestRun id="c69de2a8-817e-413c-9607-07cc417350ea" name="Admin@10266A-GEN-DEV 2022-07-27 04:07:05" runUser="10266A-GEN-DEV\Admin" xmlns="http://microsoft.com/schemas/VisualStudio/TeamTest/2010">
  <TestSettings name="Local" id="d091077b-0f37-40bc-9f73-bce729aa63a3">
    <Description>These are default test settings for a local test run.</Description>
    <Deployment enabled="false" runDeploymentRoot="Admin_10266A-GEN-DEV 2022-07-27 04_07_05">
      <DeploymentItem filename="E:\Labfiles\Lab 3\Ex3\Starter\GreatestCommonDivisor\bin\Debug\Module3.exe" />
    </Deployment>
    <Execution>
      <TestTypeSpecific />
      <AgentRule name="Execution Agents">
      </AgentRule>
    </Execution>
  </TestSettings>
  <Times creation="2022-07-27T04:07:05.2519375-07:00" queuing="2022-07-27T04:07:05.2714688-07:00" start="2022-07-27T04:07:05.2743985-07:00" finish="2022-07-27T04:07:06.2226407-07:00" />
  <ResultSummary outcome="Completed">
    <Counters total="4" executed="4" passed="4" error="0" failed="0" timeout="0" aborted="0" inconclusive="0" passedButRunAborted="0" notRunnable="0" notExecuted="0" disconnected="0" warning="0" completed="0" inProgress="0" pending="0" />
  </ResultSummary>
  <TestDefinitions>
    <UnitTest name="FindGCDEuclidTest1" storage="e:\labfiles\lab 3\ex3\starter\gcd unit test project\bin\debug\module 3 unit test project.dll" id="8fa04de3-221d-3642-9b49-abd83bc22dcf">
      <Execution id="64925d4c-3f9b-4c92-8cf5-b1a5e6f6be1b" />
      <TestMethod codeBase="E:/Labfiles/Lab 3/Ex3/Starter/GCD Unit Test Project/bin/Debug/Module 3 Unit Test Project.DLL" adapterTypeName="Microsoft.VisualStudio.TestTools.TestTypes.Unit.UnitTestAdapter, Microsoft.VisualStudio.QualityTools.Tips.UnitTest.Adapter, Version=10.0.0.0, Culture=neutral, PublicKeyToken=b03f5f7f11d50a3a" className="GCDTestProject.GCDAlgorithmsTest, Module 3 Unit Test Project, Version=1.0.0.0, Culture=neutral, PublicKeyToken=null" name="FindGCDEuclidTest1" />
    </UnitTest>
    <UnitTest name="FindGCDEuclidTest2" storage="e:\labfiles\lab 3\ex3\starter\gcd unit test project\bin\debug\module 3 unit test project.dll" id="fb8cd5d0-90b5-8a12-151d-a71358066518">
      <Execution id="26978a82-3437-4a05-9135-23a71bf22c48" />
      <TestMethod codeBase="E:/Labfiles/Lab 3/Ex3/Starter/GCD Unit Test Project/bin/Debug/Module 3 Unit Test Project.DLL" adapterTypeName="Microsoft.VisualStudio.TestTools.TestTypes.Unit.UnitTestAdapter, Microsoft.VisualStudio.QualityTools.Tips.UnitTest.Adapter, Version=10.0.0.0, Culture=neutral, PublicKeyToken=b03f5f7f11d50a3a" className="GCDTestProject.GCDAlgorithmsTest, Module 3 Unit Test Project, Version=1.0.0.0, Culture=neutral, PublicKeyToken=null" name="FindGCDEuclidTest2" />
    </UnitTest>
    <UnitTest name="FindGCDEuclidTest3" storage="e:\labfiles\lab 3\ex3\starter\gcd unit test project\bin\debug\module 3 unit test project.dll" id="ddb8af28-2805-6bf1-7099-771bee106e77">
      <Execution id="f4fae4a5-4b99-4f41-b2ff-60d331631825" />
      <TestMethod codeBase="E:/Labfiles/Lab 3/Ex3/Starter/GCD Unit Test Project/bin/Debug/Module 3 Unit Test Project.DLL" adapterTypeName="Microsoft.VisualStudio.TestTools.TestTypes.Unit.UnitTestAdapter, Microsoft.VisualStudio.QualityTools.Tips.UnitTest.Adapter, Version=10.0.0.0, Culture=neutral, PublicKeyToken=b03f5f7f11d50a3a" className="GCDTestProject.GCDAlgorithmsTest, Module 3 Unit Test Project, Version=1.0.0.0, Culture=neutral, PublicKeyToken=null" name="FindGCDEuclidTest3" />
    </UnitTest>
    <UnitTest name="FindGCDEuclidTest" storage="e:\labfiles\lab 3\ex3\starter\gcd unit test project\bin\debug\module 3 unit test project.dll" id="d9247c9a-b1f3-a576-5561-acd3205674b6">
      <Execution id="1406a186-c969-43cc-9c73-bd630b6c4c67" />
      <TestMethod codeBase="E:/Labfiles/Lab 3/Ex3/Starter/GCD Unit Test Project/bin/Debug/Module 3 Unit Test Project.DLL" adapterTypeName="Microsoft.VisualStudio.TestTools.TestTypes.Unit.UnitTestAdapter, Microsoft.VisualStudio.QualityTools.Tips.UnitTest.Adapter, Version=10.0.0.0, Culture=neutral, PublicKeyToken=b03f5f7f11d50a3a" className="GCDTestProject.GCDAlgorithmsTest, Module 3 Unit Test Project, Version=1.0.0.0, Culture=neutral, PublicKeyToken=null" name="FindGCDEuclidTest" />
    </UnitTest>
  </TestDefinitions>
  <TestLists>
    <TestList name="Results Not in a List" id="8c84fa94-04c1-424b-9868-57a2d4851a1d" />
    <TestList name="All Loaded Results" id="19431567-8539-422a-85d7-44ee4e166bda" />
  </TestLists>
  <TestEntries>
    <TestEntry testId="ddb8af28-2805-6bf1-7099-771bee106e77" executionId="f4fae4a5-4b99-4f41-b2ff-60d331631825" testListId="8c84fa94-04c1-424b-9868-57a2d4851a1d" />
    <TestEntry testId="fb8cd5d0-90b5-8a12-151d-a71358066518" executionId="26978a82-3437-4a05-9135-23a71bf22c48" testListId="8c84fa94-04c1-424b-9868-57a2d4851a1d" />
    <TestEntry testId="8fa04de3-221d-3642-9b49-abd83bc22dcf" executionId="64925d4c-3f9b-4c92-8cf5-b1a5e6f6be1b" testListId="8c84fa94-04c1-424b-9868-57a2d4851a1d" />
    <TestEntry testId="d9247c9a-b1f3-a576-5561-acd3205674b6" executionId="1406a186-c969-43cc-9c73-bd630b6c4c67" testListId="8c84fa94-04c1-424b-9868-57a2d4851a1d" />
  </TestEntries>
  <Results>
    <UnitTestResult executionId="f4fae4a5-4b99-4f41-b2ff-60d331631825" testId="ddb8af28-2805-6bf1-7099-771bee106e77" testName="FindGCDEuclidTest3" computerName="10266A-GEN-DEV" duration="00:00:00.8455773" startTime="2022-07-27T04:07:05.2851407-07:00" endTime="2022-07-27T04:07:06.2040860-07:00" testType="13cdc9d9-ddb5-4fa4-a97d-d965ccfc6d4b" outcome="Passed" testListId="8c84fa94-04c1-424b-9868-57a2d4851a1d" relativeResultsDirectory="f4fae4a5-4b99-4f41-b2ff-60d331631825">
    </UnitTestResult>
    <UnitTestResult executionId="26978a82-3437-4a05-9135-23a71bf22c48" testId="fb8cd5d0-90b5-8a12-151d-a71358066518" testName="FindGCDEuclidTest2" computerName="10266A-GEN-DEV" duration="00:00:00.0001445" startTime="2022-07-27T04:07:06.2050625-07:00" endTime="2022-07-27T04:07:06.2070157-07:00" testType="13cdc9d9-ddb5-4fa4-a97d-d965ccfc6d4b" outcome="Passed" testListId="8c84fa94-04c1-424b-9868-57a2d4851a1d" relativeResultsDirectory="26978a82-3437-4a05-9135-23a71bf22c48">
    </UnitTestResult>
    <UnitTestResult executionId="64925d4c-3f9b-4c92-8cf5-b1a5e6f6be1b" testId="8fa04de3-221d-3642-9b49-abd83bc22dcf" testName="FindGCDEuclidTest1" computerName="10266A-GEN-DEV" duration="00:00:00.0000804" startTime="2022-07-27T04:07:06.2079922-07:00" endTime="2022-07-27T04:07:06.2099453-07:00" testType="13cdc9d9-ddb5-4fa4-a97d-d965ccfc6d4b" outcome="Passed" testListId="8c84fa94-04c1-424b-9868-57a2d4851a1d" relativeResultsDirectory="64925d4c-3f9b-4c92-8cf5-b1a5e6f6be1b">
    </UnitTestResult>
    <UnitTestResult executionId="1406a186-c969-43cc-9c73-bd630b6c4c67" testId="d9247c9a-b1f3-a576-5561-acd3205674b6" testName="FindGCDEuclidTest" computerName="10266A-GEN-DEV" duration="00:00:00.0000766" startTime="2022-07-27T04:07:06.2099453-07:00" endTime="2022-07-27T04:07:06.2118985-07:00" testType="13cdc9d9-ddb5-4fa4-a97d-d965ccfc6d4b" outcome="Passed" testListId="8c84fa94-04c1-424b-9868-57a2d4851a1d" relativeResultsDirectory="1406a186-c969-43cc-9c73-bd630b6c4c67">
    </UnitTestResult>
  </Results>
</TestRun>